<?xml version="1.0" encoding="UTF-8"?>
<!-- Generated by org.testng.reporters.JUnitReportReporter -->
<testsuite hostname="DESKTOP-T7M76G4" failures="0" tests="4" name="SecondWebsite.Tests" time="8.601" errors="0" timestamp="2025-09-21T16:20:12 EET" skipped="3">
  <testcase classname="SecondWebsite.Tests" name="AddItemToThecart" time="8.601"/>
  <testcase classname="SecondWebsite.Tests" name="LogInTest">
    <skipped/>
  </testcase> <!-- LogInTest -->
  <testcase classname="SecondWebsite.Tests" name="LogOutTest">
    <skipped/>
  </testcase> <!-- LogOutTest -->
  <testcase classname="SecondWebsite.Tests" name="SignUp">
    <skipped/>
  </testcase> <!-- SignUp -->
</testsuite> <!-- SecondWebsite.Tests -->
